<?xml version="1.0" encoding="UTF-8"?>
<!-- Generated by org.testng.reporters.JUnitXMLReporter -->
<testsuite ignored="0" hostname="bhagyak" failures="0" tests="3" name="Add Customer Test" time="14.257" errors="0" timestamp="2024-11-11T13:12:09 IST">
  <testcase classname="testcases.AddCustomerTest" name="addCustomer" time="4.883"/>
  <testcase classname="testcases.AddCustomerTest" name="addCustomer" time="4.576"/>
  <testcase classname="testcases.AddCustomerTest" name="addCustomer" time="4.758"/>
</testsuite> <!-- Add Customer Test -->
