<?xml version="1.0" encoding="UTF-8"?>
<!-- Generated by org.testng.reporters.JUnitXMLReporter -->
<testsuite ignored="0" hostname="bhagyak" failures="0" tests="3" name="Open Account Test" time="13.733" errors="0" timestamp="2024-11-11T13:12:23 IST">
  <testcase classname="testcases.AddAccountTest" name="addAccount" time="4.743"/>
  <testcase classname="testcases.AddAccountTest" name="addAccount" time="4.49"/>
  <testcase classname="testcases.AddAccountTest" name="addAccount" time="4.48"/>
</testsuite> <!-- Open Account Test -->
