<?xml version="1.0" encoding="UTF-8"?>
<testng-results ignored="0" total="7" passed="7" failed="0" skipped="0">
  <reporter-output>
  </reporter-output>
  <suite started-at="2024-11-11T13:11:53 IST" name="Learning TestNG" finished-at="2024-11-11T13:12:23 IST" duration-ms="29328">
    <groups>
    </groups>
    <test started-at="2024-11-11T13:11:53 IST" name="Bank Manager Login Test" finished-at="2024-11-11T13:11:54 IST" duration-ms="957">
      <class name="testcases.BankManagerLoginTest">
        <test-method signature="doBankMgrLogin()[pri:0, instance:testcases.BankManagerLoginTest@6aa61224]" started-at="2024-11-11T13:11:53 IST" name="doBankMgrLogin" finished-at="2024-11-11T13:11:54 IST" duration-ms="915" status="PASS">
          <reporter-output>
          </reporter-output>
        </test-method> <!-- doBankMgrLogin -->
      </class> <!-- testcases.BankManagerLoginTest -->
    </test> <!-- Bank Manager Login Test -->
    <test started-at="2024-11-11T13:11:55 IST" name="Add Customer Test" finished-at="2024-11-11T13:12:09 IST" duration-ms="14257">
      <class name="testcases.AddCustomerTest">
        <test-method signature="addCustomer(java.lang.String,java.lang.String,java.lang.String)[pri:0, instance:testcases.AddCustomerTest@2141a12]" started-at="2024-11-11T13:11:55 IST" name="addCustomer" data-provider="Data" finished-at="2024-11-11T13:11:59 IST" duration-ms="4883" status="PASS">
          <params>
            <param index="0">
              <value>
                <![CDATA[abc]]>
              </value>
            </param>
            <param index="1">
              <value>
                <![CDATA[xyz]]>
              </value>
            </param>
            <param index="2">
              <value>
                <![CDATA[344567.0]]>
              </value>
            </param>
          </params>
          <reporter-output>
          </reporter-output>
        </test-method> <!-- addCustomer -->
        <test-method signature="addCustomer(java.lang.String,java.lang.String,java.lang.String)[pri:0, instance:testcases.AddCustomerTest@2141a12]" started-at="2024-11-11T13:11:59 IST" name="addCustomer" data-provider="Data" finished-at="2024-11-11T13:12:04 IST" duration-ms="4576" status="PASS">
          <params>
            <param index="0">
              <value>
                <![CDATA[sindhu]]>
              </value>
            </param>
            <param index="1">
              <value>
                <![CDATA[k]]>
              </value>
            </param>
            <param index="2">
              <value>
                <![CDATA[568890.0]]>
              </value>
            </param>
          </params>
          <reporter-output>
          </reporter-output>
        </test-method> <!-- addCustomer -->
        <test-method signature="addCustomer(java.lang.String,java.lang.String,java.lang.String)[pri:0, instance:testcases.AddCustomerTest@2141a12]" started-at="2024-11-11T13:12:04 IST" name="addCustomer" data-provider="Data" finished-at="2024-11-11T13:12:09 IST" duration-ms="4758" status="PASS">
          <params>
            <param index="0">
              <value>
                <![CDATA[suganya]]>
              </value>
            </param>
            <param index="1">
              <value>
                <![CDATA[b]]>
              </value>
            </param>
            <param index="2">
              <value>
                <![CDATA[678990.0]]>
              </value>
            </param>
          </params>
          <reporter-output>
          </reporter-output>
        </test-method> <!-- addCustomer -->
      </class> <!-- testcases.AddCustomerTest -->
    </test> <!-- Add Customer Test -->
    <test started-at="2024-11-11T13:12:09 IST" name="Open Account Test" finished-at="2024-11-11T13:12:23 IST" duration-ms="13733">
      <class name="testcases.AddAccountTest">
        <test-method is-config="true" signature="setUp()[pri:0, instance:testcases.AddAccountTest@20435c40]" started-at="2024-11-11T13:11:50 IST" name="setUp" finished-at="2024-11-11T13:11:53 IST" duration-ms="3507" status="PASS">
          <reporter-output>
          </reporter-output>
        </test-method> <!-- setUp -->
        <test-method signature="addAccount(java.lang.String,java.lang.String,java.lang.String)[pri:0, instance:testcases.AddAccountTest@20435c40]" started-at="2024-11-11T13:12:09 IST" name="addAccount" data-provider="Data" finished-at="2024-11-11T13:12:14 IST" duration-ms="4743" status="PASS">
          <params>
            <param index="0">
              <value>
                <![CDATA[abc]]>
              </value>
            </param>
            <param index="1">
              <value>
                <![CDATA[xyz]]>
              </value>
            </param>
            <param index="2">
              <value>
                <![CDATA[Dollar]]>
              </value>
            </param>
          </params>
          <reporter-output>
          </reporter-output>
        </test-method> <!-- addAccount -->
        <test-method signature="addAccount(java.lang.String,java.lang.String,java.lang.String)[pri:0, instance:testcases.AddAccountTest@20435c40]" started-at="2024-11-11T13:12:14 IST" name="addAccount" data-provider="Data" finished-at="2024-11-11T13:12:18 IST" duration-ms="4490" status="PASS">
          <params>
            <param index="0">
              <value>
                <![CDATA[sindhu]]>
              </value>
            </param>
            <param index="1">
              <value>
                <![CDATA[k]]>
              </value>
            </param>
            <param index="2">
              <value>
                <![CDATA[Pound]]>
              </value>
            </param>
          </params>
          <reporter-output>
          </reporter-output>
        </test-method> <!-- addAccount -->
        <test-method signature="addAccount(java.lang.String,java.lang.String,java.lang.String)[pri:0, instance:testcases.AddAccountTest@20435c40]" started-at="2024-11-11T13:12:18 IST" name="addAccount" data-provider="Data" finished-at="2024-11-11T13:12:23 IST" duration-ms="4480" status="PASS">
          <params>
            <param index="0">
              <value>
                <![CDATA[suganya]]>
              </value>
            </param>
            <param index="1">
              <value>
                <![CDATA[b]]>
              </value>
            </param>
            <param index="2">
              <value>
                <![CDATA[Rupee]]>
              </value>
            </param>
          </params>
          <reporter-output>
          </reporter-output>
        </test-method> <!-- addAccount -->
        <test-method is-config="true" signature="tearDown()[pri:0, instance:testcases.AddAccountTest@20435c40]" started-at="2024-11-11T13:12:23 IST" name="tearDown" finished-at="2024-11-11T13:12:23 IST" duration-ms="224" status="PASS">
          <reporter-output>
          </reporter-output>
        </test-method> <!-- tearDown -->
      </class> <!-- testcases.AddAccountTest -->
    </test> <!-- Open Account Test -->
  </suite> <!-- Learning TestNG -->
</testng-results>
