<?xml version="1.0" encoding="UTF-8"?>
<testng-results ignored="0" total="4" passed="4" failed="0" skipped="0">
  <reporter-output>
  </reporter-output>
  <suite started-at="2024-11-07T12:22:35 IST" name="Learning TestNG" finished-at="2024-11-07T12:23:00 IST" duration-ms="25291">
    <groups>
    </groups>
    <test started-at="2024-11-07T12:22:35 IST" name="Login Test" finished-at="2024-11-07T12:22:49 IST" duration-ms="13872">
      <class name="testcases.LoginTest">
        <test-method is-config="true" signature="launchBrowser()[pri:0, instance:testcases.LoginTest@2474f125]" started-at="2024-11-07T12:22:35 IST" name="launchBrowser" finished-at="2024-11-07T12:22:43 IST" duration-ms="7487" status="PASS">
          <reporter-output>
          </reporter-output>
        </test-method> <!-- launchBrowser -->
        <test-method signature="doLogin(java.lang.String,java.lang.String)[pri:0, instance:testcases.LoginTest@2474f125]" started-at="2024-11-07T12:22:43 IST" name="doLogin" data-provider="Data" finished-at="2024-11-07T12:22:43 IST" duration-ms="522" status="PASS">
          <params>
            <param index="0">
              <value>
                <![CDATA[username1]]>
              </value>
            </param>
            <param index="1">
              <value>
                <![CDATA[password1]]>
              </value>
            </param>
          </params>
          <reporter-output>
          </reporter-output>
        </test-method> <!-- doLogin -->
        <test-method is-config="true" signature="closeBrowser()[pri:0, instance:testcases.LoginTest@2474f125]" started-at="2024-11-07T12:22:43 IST" name="closeBrowser" finished-at="2024-11-07T12:22:43 IST" duration-ms="113" status="PASS">
          <reporter-output>
          </reporter-output>
        </test-method> <!-- closeBrowser -->
        <test-method is-config="true" signature="launchBrowser()[pri:0, instance:testcases.LoginTest@2474f125]" started-at="2024-11-07T12:22:43 IST" name="launchBrowser" finished-at="2024-11-07T12:22:48 IST" duration-ms="5163" status="PASS">
          <reporter-output>
          </reporter-output>
        </test-method> <!-- launchBrowser -->
        <test-method signature="doLogin(java.lang.String,java.lang.String)[pri:0, instance:testcases.LoginTest@2474f125]" started-at="2024-11-07T12:22:48 IST" name="doLogin" data-provider="Data" finished-at="2024-11-07T12:22:49 IST" duration-ms="397" status="PASS">
          <params>
            <param index="0">
              <value>
                <![CDATA[username2]]>
              </value>
            </param>
            <param index="1">
              <value>
                <![CDATA[password2]]>
              </value>
            </param>
          </params>
          <reporter-output>
          </reporter-output>
        </test-method> <!-- doLogin -->
        <test-method is-config="true" signature="closeBrowser()[pri:0, instance:testcases.LoginTest@2474f125]" started-at="2024-11-07T12:22:49 IST" name="closeBrowser" finished-at="2024-11-07T12:22:49 IST" duration-ms="124" status="PASS">
          <reporter-output>
          </reporter-output>
        </test-method> <!-- closeBrowser -->
      </class> <!-- testcases.LoginTest -->
    </test> <!-- Login Test -->
    <test started-at="2024-11-07T12:22:50 IST" name="User Reg Test" finished-at="2024-11-07T12:23:00 IST" duration-ms="10744">
      <class name="testcases.UserReg">
        <test-method is-config="true" signature="setUp()[pri:0, instance:testcases.UserReg@20435c40]" started-at="2024-11-07T12:22:34 IST" name="setUp" finished-at="2024-11-07T12:22:35 IST" duration-ms="669" status="PASS">
          <reporter-output>
          </reporter-output>
        </test-method> <!-- setUp -->
        <test-method is-config="true" signature="launchBrowser()[pri:0, instance:testcases.UserReg@20435c40]" started-at="2024-11-07T12:22:50 IST" name="launchBrowser" finished-at="2024-11-07T12:22:55 IST" duration-ms="5132" status="PASS">
          <reporter-output>
          </reporter-output>
        </test-method> <!-- launchBrowser -->
        <test-method signature="doUserReg(java.lang.String,java.lang.String)[pri:0, instance:testcases.UserReg@20435c40]" started-at="2024-11-07T12:22:55 IST" name="doUserReg" data-provider="Data" finished-at="2024-11-07T12:22:55 IST" duration-ms="4" status="PASS">
          <params>
            <param index="0">
              <value>
                <![CDATA[bhagya]]>
              </value>
            </param>
            <param index="1">
              <value>
                <![CDATA[k]]>
              </value>
            </param>
          </params>
          <reporter-output>
          </reporter-output>
        </test-method> <!-- doUserReg -->
        <test-method is-config="true" signature="closeBrowser()[pri:0, instance:testcases.UserReg@20435c40]" started-at="2024-11-07T12:22:55 IST" name="closeBrowser" finished-at="2024-11-07T12:22:55 IST" duration-ms="121" status="PASS">
          <reporter-output>
          </reporter-output>
        </test-method> <!-- closeBrowser -->
        <test-method is-config="true" signature="launchBrowser()[pri:0, instance:testcases.UserReg@20435c40]" started-at="2024-11-07T12:22:55 IST" name="launchBrowser" finished-at="2024-11-07T12:23:00 IST" duration-ms="5327" status="PASS">
          <reporter-output>
          </reporter-output>
        </test-method> <!-- launchBrowser -->
        <test-method signature="doUserReg(java.lang.String,java.lang.String)[pri:0, instance:testcases.UserReg@20435c40]" started-at="2024-11-07T12:23:00 IST" name="doUserReg" data-provider="Data" finished-at="2024-11-07T12:23:00 IST" duration-ms="2" status="PASS">
          <params>
            <param index="0">
              <value>
                <![CDATA[selenium]]>
              </value>
            </param>
            <param index="1">
              <value>
                <![CDATA[java]]>
              </value>
            </param>
          </params>
          <reporter-output>
          </reporter-output>
        </test-method> <!-- doUserReg -->
        <test-method is-config="true" signature="closeBrowser()[pri:0, instance:testcases.UserReg@20435c40]" started-at="2024-11-07T12:23:00 IST" name="closeBrowser" finished-at="2024-11-07T12:23:00 IST" duration-ms="139" status="PASS">
          <reporter-output>
          </reporter-output>
        </test-method> <!-- closeBrowser -->
      </class> <!-- testcases.UserReg -->
    </test> <!-- User Reg Test -->
  </suite> <!-- Learning TestNG -->
</testng-results>
